[debug] [2021-04-01T18:28:48.286Z] ----------------------------------------------------------------------
[debug] [2021-04-01T18:28:48.289Z] Command:       C:\Program Files\nodejs\node.exe C:\Users\Chaitanya\AppData\Roaming\npm\node_modules\firebase-tools\lib\bin\firebase.js emulators:start
[debug] [2021-04-01T18:28:48.290Z] CLI Version:   9.8.0
[debug] [2021-04-01T18:28:48.290Z] Platform:      win32
[debug] [2021-04-01T18:28:48.290Z] Node Version:  v15.3.0
[debug] [2021-04-01T18:28:48.293Z] Time:          Thu Apr 01 2021 23:58:48 GMT+0530 (India Standard Time)
[debug] [2021-04-01T18:28:48.293Z] ----------------------------------------------------------------------
[debug] 
[debug] [2021-04-01T18:28:48.304Z] > command requires scopes: ["email","openid","https://www.googleapis.com/auth/cloudplatformprojects.readonly","https://www.googleapis.com/auth/firebase","https://www.googleapis.com/auth/cloud-platform"]
[debug] [2021-04-01T18:28:48.306Z] > authorizing via signed-in user
[info] i  emulators: Starting emulators: functions, hosting {"metadata":{"emulator":{"name":"hub"},"message":"Starting emulators: functions, hosting"}}
[warn] !  emulators: It seems that you are running multiple instances of the emulator suite for project challenge-a17c7. This may result in unexpected behavior. 
[debug] [2021-04-01T18:28:48.382Z] [hub] writing locator at C:\Users\CHAITA~1\AppData\Local\Temp\hub-challenge-a17c7.json
[warn] !  functions: The following emulators are not running, calls to these services from the Functions emulator will affect production: auth, firestore, database, pubsub {"metadata":{"emulator":{"name":"functions"},"message":"The following emulators are not running, calls to these services from the Functions emulator will affect production: \u001b[1mauth, firestore, database, pubsub\u001b[22m"}}
[warn] !  Your requested "node" version "12" doesn't match your global version "15" {"metadata":{"emulator":{"name":"functions"},"message":"Your requested \"node\" version \"12\" doesn't match your global version \"15\""}}
[debug] [2021-04-01T18:28:48.438Z] defaultcredentials: writing to file C:\Users\Chaitanya\AppData\Roaming\firebase\chaitanyabhat08_gmail_com_application_default_credentials.json
[debug] [2021-04-01T18:28:48.443Z] Setting GAC to C:\Users\Chaitanya\AppData\Roaming\firebase\chaitanyabhat08_gmail_com_application_default_credentials.json {"metadata":{"emulator":{"name":"functions"},"message":"Setting GAC to C:\\Users\\Chaitanya\\AppData\\Roaming\\firebase\\chaitanyabhat08_gmail_com_application_default_credentials.json"}}
[debug] [2021-04-01T18:28:48.446Z] > refreshing access token with scopes: []
[debug] [2021-04-01T18:28:48.447Z] >>> HTTP REQUEST POST https://www.googleapis.com/oauth2/v3/token  
 <request body omitted>
[debug] [2021-04-01T18:28:52.081Z] <<< HTTP RESPONSE 200 {"expires":"Mon, 01 Jan 1990 00:00:00 GMT","cache-control":"no-cache, no-store, max-age=0, must-revalidate","date":"Thu, 01 Apr 2021 18:28:51 GMT","pragma":"no-cache","content-type":"application/json; charset=utf-8","vary":"X-Origin, Referer, Origin,Accept-Encoding","server":"scaffolding on HTTPServer2","x-xss-protection":"0","x-frame-options":"SAMEORIGIN","x-content-type-options":"nosniff","alt-svc":"h3-29=\":443\"; ma=2592000,h3-T051=\":443\"; ma=2592000,h3-Q050=\":443\"; ma=2592000,h3-Q046=\":443\"; ma=2592000,h3-Q043=\":443\"; ma=2592000,quic=\":443\"; ma=2592000; v=\"46,43\"","accept-ranges":"none","transfer-encoding":"chunked"}
[debug] [2021-04-01T18:28:52.142Z] >>> [apiv2][query] GET https://firebase.googleapis.com/v1beta1/projects/challenge-a17c7/adminSdkConfig [none]
[debug] [2021-04-01T18:28:52.674Z] <<< [apiv2][status] GET https://firebase.googleapis.com/v1beta1/projects/challenge-a17c7/adminSdkConfig 200
[debug] [2021-04-01T18:28:52.674Z] <<< [apiv2][body] GET https://firebase.googleapis.com/v1beta1/projects/challenge-a17c7/adminSdkConfig {"projectId":"challenge-a17c7","databaseURL":"https://challenge-a17c7-default-rtdb.firebaseio.com","storageBucket":"challenge-a17c7.appspot.com","locationId":"asia-southeast2"}
[debug] [2021-04-01T18:28:52.728Z] >>> [apiv2][query] GET https://firebase.googleapis.com/v1beta1/projects/challenge-a17c7/webApps/-/config [none]
[debug] [2021-04-01T18:28:54.021Z] <<< [apiv2][status] GET https://firebase.googleapis.com/v1beta1/projects/challenge-a17c7/webApps/-/config 200
[debug] [2021-04-01T18:28:54.022Z] <<< [apiv2][body] GET https://firebase.googleapis.com/v1beta1/projects/challenge-a17c7/webApps/-/config {"projectId":"challenge-a17c7","appId":"1:292001177751:web:712516a3825d638e5409d2","databaseURL":"https://challenge-a17c7-default-rtdb.firebaseio.com","storageBucket":"challenge-a17c7.appspot.com","locationId":"asia-southeast2","apiKey":"AIzaSyCMid51Fsq8nrsSAB4kCpLpxPFJXUyTSyg","authDomain":"challenge-a17c7.firebaseapp.com","messagingSenderId":"292001177751","measurementId":"G-FV08BQY3NL"}
[info] i  hosting: Serving hosting files from: build {"metadata":{"emulator":{"name":"hosting"},"message":"Serving hosting files from: \u001b[1mbuild\u001b[22m"}}
[info] +  hosting: Local server: http://localhost:5000 {"metadata":{"emulator":{"name":"hosting"},"message":"Local server: \u001b[4m\u001b[1mhttp://localhost:5000\u001b[22m\u001b[24m"}}
[debug] [2021-04-01T18:28:54.492Z] Ignoring unsupported arg: auto_download {"metadata":{"emulator":{"name":"ui"},"message":"Ignoring unsupported arg: auto_download"}}
[debug] [2021-04-01T18:28:54.492Z] Ignoring unsupported arg: port {"metadata":{"emulator":{"name":"ui"},"message":"Ignoring unsupported arg: port"}}
[debug] [2021-04-01T18:28:54.493Z] Starting Emulator UI with command {"binary":"node","args":["C:\\Users\\Chaitanya\\.cache\\firebase\\emulators\\ui-v1.4.2\\server.bundle.js"],"optionalArgs":[],"joinArgs":false} {"metadata":{"emulator":{"name":"ui"},"message":"Starting Emulator UI with command {\"binary\":\"node\",\"args\":[\"C:\\\\Users\\\\Chaitanya\\\\.cache\\\\firebase\\\\emulators\\\\ui-v1.4.2\\\\server.bundle.js\"],\"optionalArgs\":[],\"joinArgs\":false}"}}
[info] i  ui: Emulator UI logging to ui-debug.log {"metadata":{"emulator":{"name":"ui"},"message":"Emulator UI logging to \u001b[1mui-debug.log\u001b[22m"}}
[debug] [2021-04-01T18:28:55.644Z] Web / API server started at http://localhost:4000
 {"metadata":{"emulator":{"name":"ui"},"message":"Web / API server started at http://localhost:4000\n"}}
[info] i  functions: Watching "C:\Users\Chaitanya\Desktop\amazon clone\amazon_3\functions" for Cloud Functions... {"metadata":{"emulator":{"name":"functions"},"message":"Watching \"C:\\Users\\Chaitanya\\Desktop\\amazon clone\\amazon_3\\functions\" for Cloud Functions..."}}
[debug] [2021-04-01T18:28:56.126Z] [worker-pool] addWorker(~diagnostic~) {"metadata":{"emulator":{"name":"functions"},"message":"[worker-pool] addWorker(~diagnostic~)"}}
[debug] [2021-04-01T18:28:56.126Z] [worker-pool] Adding worker with key ~diagnostic~, total=1 {"metadata":{"emulator":{"name":"functions"},"message":"[worker-pool] Adding worker with key ~diagnostic~, total=1"}}
[debug] [2021-04-01T18:28:56.126Z] [worker-pool] submitWork(triggerId=) {"metadata":{"emulator":{"name":"functions"},"message":"[worker-pool] submitWork(triggerId=)"}}
[debug] [2021-04-01T18:28:56.127Z] [worker-~diagnostic~-717cc90a-ede6-48e2-8e45-75d9e3b3af76]: Assigning socketPath: \\?\pipe\C:\Users\Chaitanya\Desktop\amazon clone\amazon_3\functions\11512 {"metadata":{"emulator":{"name":"functions"},"message":"[worker-~diagnostic~-717cc90a-ede6-48e2-8e45-75d9e3b3af76]: Assigning socketPath: \\\\?\\pipe\\C:\\Users\\Chaitanya\\Desktop\\amazon clone\\amazon_3\\functions\\11512"}}
[debug] [2021-04-01T18:28:56.128Z] [worker-~diagnostic~-717cc90a-ede6-48e2-8e45-75d9e3b3af76]: BUSY {"metadata":{"emulator":{"name":"functions"},"message":"[worker-~diagnostic~-717cc90a-ede6-48e2-8e45-75d9e3b3af76]: BUSY"}}
[debug] [2021-04-01T18:28:56.648Z] [runtime-status] [11512] Functions runtime initialized. {"cwd":"C:\\Users\\Chaitanya\\Desktop\\amazon clone\\amazon_3\\functions","node_version":"15.3.0"} {"metadata":{"emulator":{"name":"functions"},"message":"[runtime-status] [11512] Functions runtime initialized. {\"cwd\":\"C:\\\\Users\\\\Chaitanya\\\\Desktop\\\\amazon clone\\\\amazon_3\\\\functions\",\"node_version\":\"15.3.0\"}"}}
[debug] [2021-04-01T18:28:56.649Z] [runtime-status] [11512] Disabled runtime features: undefined {"metadata":{"emulator":{"name":"functions"},"message":"[runtime-status] [11512] Disabled runtime features: undefined"}}
[debug] [2021-04-01T18:28:56.681Z] [runtime-status] [11512] Resolved module firebase-admin {"declared":true,"installed":true,"version":"9.6.0","resolution":"C:\\Users\\Chaitanya\\Desktop\\amazon clone\\amazon_3\\functions\\node_modules\\firebase-admin\\lib\\index.js"} {"metadata":{"emulator":{"name":"functions"},"message":"[runtime-status] [11512] Resolved module firebase-admin {\"declared\":true,\"installed\":true,\"version\":\"9.6.0\",\"resolution\":\"C:\\\\Users\\\\Chaitanya\\\\Desktop\\\\amazon clone\\\\amazon_3\\\\functions\\\\node_modules\\\\firebase-admin\\\\lib\\\\index.js\"}"}}
[debug] [2021-04-01T18:28:56.737Z] [runtime-status] [11512] Resolved module firebase-functions {"declared":true,"installed":true,"version":"3.13.2","resolution":"C:\\Users\\Chaitanya\\Desktop\\amazon clone\\amazon_3\\functions\\node_modules\\firebase-functions\\lib\\index.js"} {"metadata":{"emulator":{"name":"functions"},"message":"[runtime-status] [11512] Resolved module firebase-functions {\"declared\":true,\"installed\":true,\"version\":\"3.13.2\",\"resolution\":\"C:\\\\Users\\\\Chaitanya\\\\Desktop\\\\amazon clone\\\\amazon_3\\\\functions\\\\node_modules\\\\firebase-functions\\\\lib\\\\index.js\"}"}}
[debug] [2021-04-01T18:28:56.741Z] [runtime-status] [11512] Resolved module firebase-functions {"declared":true,"installed":true,"version":"3.13.2","resolution":"C:\\Users\\Chaitanya\\Desktop\\amazon clone\\amazon_3\\functions\\node_modules\\firebase-functions\\lib\\index.js"} {"metadata":{"emulator":{"name":"functions"},"message":"[runtime-status] [11512] Resolved module firebase-functions {\"declared\":true,\"installed\":true,\"version\":\"3.13.2\",\"resolution\":\"C:\\\\Users\\\\Chaitanya\\\\Desktop\\\\amazon clone\\\\amazon_3\\\\functions\\\\node_modules\\\\firebase-functions\\\\lib\\\\index.js\"}"}}
[debug] [2021-04-01T18:28:56.745Z] [runtime-status] [11512] Outgoing network have been stubbed. [{"name":"http","status":"mocked"},{"name":"http","status":"mocked"},{"name":"https","status":"mocked"},{"name":"https","status":"mocked"},{"name":"net","status":"mocked"}] {"metadata":{"emulator":{"name":"functions"},"message":"[runtime-status] [11512] Outgoing network have been stubbed. [{\"name\":\"http\",\"status\":\"mocked\"},{\"name\":\"http\",\"status\":\"mocked\"},{\"name\":\"https\",\"status\":\"mocked\"},{\"name\":\"https\",\"status\":\"mocked\"},{\"name\":\"net\",\"status\":\"mocked\"}]"}}
[debug] [2021-04-01T18:28:56.746Z] [runtime-status] [11512] Resolved module firebase-functions {"declared":true,"installed":true,"version":"3.13.2","resolution":"C:\\Users\\Chaitanya\\Desktop\\amazon clone\\amazon_3\\functions\\node_modules\\firebase-functions\\lib\\index.js"} {"metadata":{"emulator":{"name":"functions"},"message":"[runtime-status] [11512] Resolved module firebase-functions {\"declared\":true,\"installed\":true,\"version\":\"3.13.2\",\"resolution\":\"C:\\\\Users\\\\Chaitanya\\\\Desktop\\\\amazon clone\\\\amazon_3\\\\functions\\\\node_modules\\\\firebase-functions\\\\lib\\\\index.js\"}"}}
[debug] [2021-04-01T18:28:57.775Z] [runtime-status] [11512] Checked functions.config() {"config":{}} {"metadata":{"emulator":{"name":"functions"},"message":"[runtime-status] [11512] Checked functions.config() {\"config\":{}}"}}
[debug] [2021-04-01T18:28:57.778Z] [runtime-status] [11512] firebase-functions has been stubbed. {"functionsResolution":{"declared":true,"installed":true,"version":"3.13.2","resolution":"C:\\Users\\Chaitanya\\Desktop\\amazon clone\\amazon_3\\functions\\node_modules\\firebase-functions\\lib\\index.js"}} {"metadata":{"emulator":{"name":"functions"},"message":"[runtime-status] [11512] firebase-functions has been stubbed. {\"functionsResolution\":{\"declared\":true,\"installed\":true,\"version\":\"3.13.2\",\"resolution\":\"C:\\\\Users\\\\Chaitanya\\\\Desktop\\\\amazon clone\\\\amazon_3\\\\functions\\\\node_modules\\\\firebase-functions\\\\lib\\\\index.js\"}}"}}
[debug] [2021-04-01T18:28:57.783Z] [runtime-status] [11512] Resolved module firebase-functions {"declared":true,"installed":true,"version":"3.13.2","resolution":"C:\\Users\\Chaitanya\\Desktop\\amazon clone\\amazon_3\\functions\\node_modules\\firebase-functions\\lib\\index.js"} {"metadata":{"emulator":{"name":"functions"},"message":"[runtime-status] [11512] Resolved module firebase-functions {\"declared\":true,\"installed\":true,\"version\":\"3.13.2\",\"resolution\":\"C:\\\\Users\\\\Chaitanya\\\\Desktop\\\\amazon clone\\\\amazon_3\\\\functions\\\\node_modules\\\\firebase-functions\\\\lib\\\\index.js\"}"}}
[debug] [2021-04-01T18:28:57.788Z] [runtime-status] [11512] Resolved module firebase-admin {"declared":true,"installed":true,"version":"9.6.0","resolution":"C:\\Users\\Chaitanya\\Desktop\\amazon clone\\amazon_3\\functions\\node_modules\\firebase-admin\\lib\\index.js"} {"metadata":{"emulator":{"name":"functions"},"message":"[runtime-status] [11512] Resolved module firebase-admin {\"declared\":true,\"installed\":true,\"version\":\"9.6.0\",\"resolution\":\"C:\\\\Users\\\\Chaitanya\\\\Desktop\\\\amazon clone\\\\amazon_3\\\\functions\\\\node_modules\\\\firebase-admin\\\\lib\\\\index.js\"}"}}
[debug] [2021-04-01T18:28:57.790Z] [runtime-status] [11512] Resolved module firebase-functions {"declared":true,"installed":true,"version":"3.13.2","resolution":"C:\\Users\\Chaitanya\\Desktop\\amazon clone\\amazon_3\\functions\\node_modules\\firebase-functions\\lib\\index.js"} {"metadata":{"emulator":{"name":"functions"},"message":"[runtime-status] [11512] Resolved module firebase-functions {\"declared\":true,\"installed\":true,\"version\":\"3.13.2\",\"resolution\":\"C:\\\\Users\\\\Chaitanya\\\\Desktop\\\\amazon clone\\\\amazon_3\\\\functions\\\\node_modules\\\\firebase-functions\\\\lib\\\\index.js\"}"}}
[debug] [2021-04-01T18:28:57.792Z] [runtime-status] [11512] firebase-admin has been stubbed. {"adminResolution":{"declared":true,"installed":true,"version":"9.6.0","resolution":"C:\\Users\\Chaitanya\\Desktop\\amazon clone\\amazon_3\\functions\\node_modules\\firebase-admin\\lib\\index.js"}} {"metadata":{"emulator":{"name":"functions"},"message":"[runtime-status] [11512] firebase-admin has been stubbed. {\"adminResolution\":{\"declared\":true,\"installed\":true,\"version\":\"9.6.0\",\"resolution\":\"C:\\\\Users\\\\Chaitanya\\\\Desktop\\\\amazon clone\\\\amazon_3\\\\functions\\\\node_modules\\\\firebase-admin\\\\lib\\\\index.js\"}}"}}
[info] 
┌─────────────────────────────────────────────────────────────┐
│ ✔  All emulators ready! It is now safe to connect your app. │
│ i  View Emulator UI at http://localhost:4000                │
└─────────────────────────────────────────────────────────────┘

┌───────────┬────────────────┬─────────────────────────────────┐
│ Emulator  │ Host:Port      │ View in Emulator UI             │
├───────────┼────────────────┼─────────────────────────────────┤
│ Functions │ localhost:5001 │ http://localhost:4000/functions │
├───────────┼────────────────┼─────────────────────────────────┤
│ Hosting   │ localhost:5000 │ n/a                             │
└───────────┴────────────────┴─────────────────────────────────┘
  Emulator Hub running at localhost:4400
  Other reserved ports: 4500

Issues? Report them at https://github.com/firebase/firebase-tools/issues and attach the *-debug.log files.
 
[debug] [2021-04-01T18:28:57.896Z] [worker-~diagnostic~-717cc90a-ede6-48e2-8e45-75d9e3b3af76]: IDLE {"metadata":{"emulator":{"name":"functions"},"message":"[worker-~diagnostic~-717cc90a-ede6-48e2-8e45-75d9e3b3af76]: IDLE"}}
